<?xml version="1.0" encoding="UTF-8"?>
<!-- Generated by org.testng.reporters.JUnitReportReporter -->
<testsuite skipped="0" hostname="DS-4036" name="mavenProject.Google" tests="1" failures="0" timestamp="07 Mar 2019 09:50:55 GMT" time="0.025" errors="0">
  <testcase name="LaunchTest" time="0.025" classname="mavenProject.Google"/>
</testsuite> <!-- mavenProject.Google -->
